Using pre-set license
Built from '2020.3/staging' branch; Version is '2020.3.32f1 (12f8b0834f07) revision 1243312'; Using compiler version '192528614'; Build Type 'Release'
OS: 'Windows 11  (10.0.22631) 64bit CoreSingleLanguage' Language: 'en' Physical Memory: 16092 MB
BatchMode: 1, IsHumanControllingUs: 0, StartBugReporterOnCrash: 0, Is64bit: 1, IsPro: 0

COMMAND LINE ARGUMENTS:
C:\Program Files\Unity 2020.3.32f1\Editor\Unity.exe
-adb2
-batchMode
-noUpm
-name
AssetImportWorker0
-projectPath
C:/Users/soham/OneDrive/Documents/GitHub/TennisGame
-logFile
Logs/AssetImportWorker0.log
-srvPort
63190
Successfully changed project path to: C:/Users/soham/OneDrive/Documents/GitHub/TennisGame
C:/Users/soham/OneDrive/Documents/GitHub/TennisGame
Using Asset Import Pipeline V2.
Refreshing native plugins compatible for Editor in 113.38 ms, found 4 plugins.
Preloading 0 native plugins for Editor in 0.00 ms.
Initialize engine version: 2020.3.32f1 (12f8b0834f07)
[Subsystems] Discovering subsystems at path C:/Program Files/Unity 2020.3.32f1/Editor/Data/Resources/UnitySubsystems
[Subsystems] Discovering subsystems at path C:/Users/soham/OneDrive/Documents/GitHub/TennisGame/Assets
GfxDevice: creating device client; threaded=0
Direct3D:
    Version:  Direct3D 11.0 [level 11.1]
    Renderer: Intel(R) Iris(R) Xe Graphics (ID=0x46a8)
    Vendor:   
    VRAM:     8046 MB
    Driver:   31.0.101.4255
Initialize mono
Mono path[0] = 'C:/Program Files/Unity 2020.3.32f1/Editor/Data/Managed'
Mono path[1] = 'C:/Program Files/Unity 2020.3.32f1/Editor/Data/MonoBleedingEdge/lib/mono/unityjit'
Mono config path = 'C:/Program Files/Unity 2020.3.32f1/Editor/Data/MonoBleedingEdge/etc'
Using monoOptions --debugger-agent=transport=dt_socket,embedding=1,server=y,suspend=n,address=127.0.0.1:56036
Begin MonoManager ReloadAssembly
Registering precompiled unity dll's ...
Register platform support module: C:/Program Files/Unity 2020.3.32f1/Editor/Data/PlaybackEngines/WindowsStandaloneSupport/UnityEditor.WindowsStandalone.Extensions.dll
Registered in 0.000921 seconds.
Native extension for WindowsStandalone target not found
Refreshing native plugins compatible for Editor in 113.10 ms, found 4 plugins.
Preloading 0 native plugins for Editor in 0.00 ms.
Mono: successfully reloaded assembly
- Completed reload, in  0.479 seconds
Domain Reload Profiling:
	ReloadAssembly (479ms)
		BeginReloadAssembly (40ms)
			ExecutionOrderSort (0ms)
			DisableScriptedObjects (0ms)
			BackupInstance (0ms)
			ReleaseScriptingObjects (0ms)
			CreateAndSetChildDomain (1ms)
		EndReloadAssembly (390ms)
			LoadAssemblies (40ms)
			RebuildTransferFunctionScriptingTraits (0ms)
			SetupTypeCache (102ms)
			ReleaseScriptCaches (0ms)
			RebuildScriptCaches (16ms)
			SetupLoadedEditorAssemblies (205ms)
				LogAssemblyErrors (0ms)
				InitializePlatformSupportModulesInManaged (3ms)
				SetLoadedEditorAssemblies (0ms)
				RefreshPlugins (113ms)
				BeforeProcessingInitializeOnLoad (9ms)
				ProcessInitializeOnLoadAttributes (54ms)
				ProcessInitializeOnLoadMethodAttributes (26ms)
				AfterProcessingInitializeOnLoad (0ms)
				EditorAssembliesLoaded (0ms)
			ExecutionOrderSort2 (0ms)
			AwakeInstancesAfterBackupRestoration (0ms)
Platform modules already initialized, skipping
Registering precompiled user dll's ...
Registered in 0.002981 seconds.
Begin MonoManager ReloadAssembly
Native extension for WindowsStandalone target not found
Refreshing native plugins compatible for Editor in 1.34 ms, found 4 plugins.
Preloading 0 native plugins for Editor in 0.00 ms.
Mono: successfully reloaded assembly
- Completed reload, in  0.770 seconds
Domain Reload Profiling:
	ReloadAssembly (772ms)
		BeginReloadAssembly (114ms)
			ExecutionOrderSort (0ms)
			DisableScriptedObjects (3ms)
			BackupInstance (0ms)
			ReleaseScriptingObjects (0ms)
			CreateAndSetChildDomain (15ms)
		EndReloadAssembly (623ms)
			LoadAssemblies (58ms)
			RebuildTransferFunctionScriptingTraits (0ms)
			SetupTypeCache (224ms)
			ReleaseScriptCaches (0ms)
			RebuildScriptCaches (31ms)
			SetupLoadedEditorAssemblies (224ms)
				LogAssemblyErrors (0ms)
				InitializePlatformSupportModulesInManaged (4ms)
				SetLoadedEditorAssemblies (1ms)
				RefreshPlugins (1ms)
				BeforeProcessingInitializeOnLoad (61ms)
				ProcessInitializeOnLoadAttributes (145ms)
				ProcessInitializeOnLoadMethodAttributes (9ms)
				AfterProcessingInitializeOnLoad (2ms)
				EditorAssembliesLoaded (0ms)
			ExecutionOrderSort2 (0ms)
			AwakeInstancesAfterBackupRestoration (5ms)
Platform modules already initialized, skipping
========================================================================
Worker process is ready to serve import requests
Launched and connected shader compiler UnityShaderCompiler.exe after 0.07 seconds
Refreshing native plugins compatible for Editor in 1.23 ms, found 4 plugins.
Preloading 0 native plugins for Editor in 0.00 ms.
Unloading 1654 Unused Serialized files (Serialized files now loaded: 0)
System memory in use before: 97.6 MB.
System memory in use after: 97.6 MB.

Unloading 27 unused Assets to reduce memory usage. Loaded Objects now: 2101.
Total: 2.636900 ms (FindLiveObjects: 0.117600 ms CreateObjectMapping: 0.031000 ms MarkObjects: 2.378600 ms  DeleteObjects: 0.107600 ms)

AssetImportParameters requested are different than current active one (requested -> active):
  custom:framework-win-MediaFoundation: 216162199b28c13a410421893ffa2e32 -> 
  custom:video-decoder-ogg-theora: a1e56fd34408186e4bbccfd4996cb3dc -> 
  custom:container-muxer-webm: aa71ff27fc2769a1b78a27578f13a17b -> 
  custom:container-demuxer-webm: 4f35f7cbe854078d1ac9338744f61a02 -> 
  custom:container-demuxer-ogg: 62fdf1f143b41e24485cea50d1cbac27 -> 
  custom:video-encoder-webm-vp8: eb34c28f22e8b96e1ab97ce403110664 -> 
  custom:video-codec-MediaFoundation-h265: 746d11721c4dcdbdad8f713fa42b33f4 -> 
  custom:video-decoder-webm-vp8: 9c59270c3fd7afecdb556c50c9e8de78 -> 
  custom:audio-decoder-ogg-vorbis: bf7c407c2cedff20999df2af8eb42d56 -> 
  custom:audio-encoder-webm-vorbis: bf7c407c2cedff20999df2af8eb42d56 -> 
========================================================================
Received Import Request.
  path: Assets/Scenes/MainMenu.unity
  artifactKey: Guid(39ef521141d2c7e42837d1cf77587e01) Importer(815301076,1909f56bfc062723c751e8b465ee728b)
Start importing Assets/Scenes/MainMenu.unity using Guid(39ef521141d2c7e42837d1cf77587e01) Importer(815301076,1909f56bfc062723c751e8b465ee728b)  -> (artifact id: 'b5f1df591b03424759b2baf5a514ab99') in 0.019100 seconds 
========================================================================
Received Import Request.
  Time since last request: 32.572275 seconds.
  path: Assets/polyperfect/Low Poly Ultimate Pack/M/- Meshes_M/Buildings_M/airport-hangar.fbx
  artifactKey: Guid(52ac9b43f7abdbd428c6b1415b94ae3b) Importer(815301076,1909f56bfc062723c751e8b465ee728b)
Start importing Assets/polyperfect/Low Poly Ultimate Pack/M/- Meshes_M/Buildings_M/airport-hangar.fbx using Guid(52ac9b43f7abdbd428c6b1415b94ae3b) Importer(815301076,1909f56bfc062723c751e8b465ee728b)  -> (artifact id: '2145a7d42d87c978014976f68af79ce3') in 0.173171 seconds 
========================================================================
Received Import Request.
  Time since last request: 0.000498 seconds.
  path: Assets/polyperfect/Low Poly Ultimate Pack/M/- Meshes_M/Buildings_M/airport-jet-bridge.fbx
  artifactKey: Guid(be5209e5cf484264ba1a50803df05123) Importer(815301076,1909f56bfc062723c751e8b465ee728b)
Start importing Assets/polyperfect/Low Poly Ultimate Pack/M/- Meshes_M/Buildings_M/airport-jet-bridge.fbx using Guid(be5209e5cf484264ba1a50803df05123) Importer(815301076,1909f56bfc062723c751e8b465ee728b)  -> (artifact id: '414bed35f2337c0d4109baf5486d42b5') in 0.050022 seconds 
========================================================================
Received Import Request.
  Time since last request: 0.000501 seconds.
  path: Assets/polyperfect/Low Poly Ultimate Pack/M/- Meshes_M/Food_M/apple-core.fbx
  artifactKey: Guid(056b605250a8ea74e9586805eb09a503) Importer(815301076,1909f56bfc062723c751e8b465ee728b)
Start importing Assets/polyperfect/Low Poly Ultimate Pack/M/- Meshes_M/Food_M/apple-core.fbx using Guid(056b605250a8ea74e9586805eb09a503) Importer(815301076,1909f56bfc062723c751e8b465ee728b)  -> (artifact id: '49c6aea4c0f3103fef6646f80d85589a') in 0.038781 seconds 
========================================================================
Received Import Request.
  Time since last request: 0.000362 seconds.
  path: Assets/polyperfect/Low Poly Ultimate Pack/M/- Meshes_M/Food_M/apple.fbx
  artifactKey: Guid(de526dc2d54bd4c2283aa5581353960f) Importer(815301076,1909f56bfc062723c751e8b465ee728b)
Start importing Assets/polyperfect/Low Poly Ultimate Pack/M/- Meshes_M/Food_M/apple.fbx using Guid(de526dc2d54bd4c2283aa5581353960f) Importer(815301076,1909f56bfc062723c751e8b465ee728b)  -> (artifact id: '27843d02bad5be2193f9921a74c039d6') in 0.040058 seconds 
========================================================================
Received Import Request.
  Time since last request: 0.000266 seconds.
  path: Assets/polyperfect/Low Poly Ultimate Pack/M/- Meshes_M/Buildings_M/airport-terminal.fbx
  artifactKey: Guid(d94181a6c7e144f4f96e9a8091ea69cb) Importer(815301076,1909f56bfc062723c751e8b465ee728b)
Start importing Assets/polyperfect/Low Poly Ultimate Pack/M/- Meshes_M/Buildings_M/airport-terminal.fbx using Guid(d94181a6c7e144f4f96e9a8091ea69cb) Importer(815301076,1909f56bfc062723c751e8b465ee728b)  -> (artifact id: 'bcf69e4b47be51739043ab0c36f8ad46') in 0.045991 seconds 
========================================================================
Received Import Request.
  Time since last request: 0.000344 seconds.
  path: Assets/polyperfect/Low Poly Ultimate Pack/M/- Meshes_M/Fantasy_M/altar.fbx
  artifactKey: Guid(2a04825254d43428bb733573e21a1ddb) Importer(815301076,1909f56bfc062723c751e8b465ee728b)
Start importing Assets/polyperfect/Low Poly Ultimate Pack/M/- Meshes_M/Fantasy_M/altar.fbx using Guid(2a04825254d43428bb733573e21a1ddb) Importer(815301076,1909f56bfc062723c751e8b465ee728b)  -> (artifact id: 'e76788ba8c3a6ce6fdb122a65023ef4c') in 0.038081 seconds 
========================================================================
Received Import Request.
  Time since last request: 0.502758 seconds.
  path: Assets/polyperfect/Low Poly Ultimate Pack/- Animations/People Animation/people-animations.fbx
  artifactKey: Guid(97ab8915f748db54ea06f3249270b7ac) Importer(815301076,1909f56bfc062723c751e8b465ee728b)
Start importing Assets/polyperfect/Low Poly Ultimate Pack/- Animations/People Animation/people-animations.fbx using Guid(97ab8915f748db54ea06f3249270b7ac) Importer(815301076,1909f56bfc062723c751e8b465ee728b)  -> (artifact id: '3bf3b691968c2c90e1c3883966eda2cb') in 0.058994 seconds 
========================================================================
Received Import Request.
  Time since last request: 0.455935 seconds.
  path: Assets/polyperfect/Low Poly Ultimate Pack/M/- Meshes_M/Furniture_M/armchair-modern.fbx
  artifactKey: Guid(f26559b2b045db5419bc494698957cc1) Importer(815301076,1909f56bfc062723c751e8b465ee728b)
Start importing Assets/polyperfect/Low Poly Ultimate Pack/M/- Meshes_M/Furniture_M/armchair-modern.fbx using Guid(f26559b2b045db5419bc494698957cc1) Importer(815301076,1909f56bfc062723c751e8b465ee728b)  -> (artifact id: '916dacfaf319444a01ca6b69a971888d') in 0.048642 seconds 
========================================================================
Received Import Request.
  Time since last request: 0.056045 seconds.
  path: Assets/polyperfect/Low Poly Ultimate Pack/M/- Meshes_M/Construction_M/cement-bag-empty.fbx
  artifactKey: Guid(49fc62a2a96111a469d4e05488d04d3d) Importer(815301076,1909f56bfc062723c751e8b465ee728b)
Start importing Assets/polyperfect/Low Poly Ultimate Pack/M/- Meshes_M/Construction_M/cement-bag-empty.fbx using Guid(49fc62a2a96111a469d4e05488d04d3d) Importer(815301076,1909f56bfc062723c751e8b465ee728b)  -> (artifact id: '4577aa167bbde1e47456dea1aa137d29') in 0.033031 seconds 
========================================================================
Received Import Request.
  Time since last request: 0.000305 seconds.
  path: Assets/polyperfect/Low Poly Ultimate Pack/M/- Meshes_M/Construction_M/cement-bag-open.fbx
  artifactKey: Guid(36d555fdc691b56419cd740ec036f3f2) Importer(815301076,1909f56bfc062723c751e8b465ee728b)
Start importing Assets/polyperfect/Low Poly Ultimate Pack/M/- Meshes_M/Construction_M/cement-bag-open.fbx using Guid(36d555fdc691b56419cd740ec036f3f2) Importer(815301076,1909f56bfc062723c751e8b465ee728b)  -> (artifact id: '4dd5142af9b2a675a78888466c7d93f2') in 0.036587 seconds 
========================================================================
Received Import Request.
  Time since last request: 0.000327 seconds.
  path: Assets/polyperfect/Low Poly Ultimate Pack/M/- Meshes_M/Furniture_M/bag-storage-small.fbx
  artifactKey: Guid(c8def1bd0fc46e9489a46b062bd84be9) Importer(815301076,1909f56bfc062723c751e8b465ee728b)
Start importing Assets/polyperfect/Low Poly Ultimate Pack/M/- Meshes_M/Furniture_M/bag-storage-small.fbx using Guid(c8def1bd0fc46e9489a46b062bd84be9) Importer(815301076,1909f56bfc062723c751e8b465ee728b)  -> (artifact id: 'efa8bef19a3770d93854f72a27f2d3e9') in 0.035325 seconds 
========================================================================
Received Import Request.
  Time since last request: 0.000282 seconds.
  path: Assets/polyperfect/Low Poly Ultimate Pack/M/- Meshes_M/Furniture_M/bag-storage-clothes.fbx
  artifactKey: Guid(860987552efa0a84bafaa446e86b1078) Importer(815301076,1909f56bfc062723c751e8b465ee728b)
Start importing Assets/polyperfect/Low Poly Ultimate Pack/M/- Meshes_M/Furniture_M/bag-storage-clothes.fbx using Guid(860987552efa0a84bafaa446e86b1078) Importer(815301076,1909f56bfc062723c751e8b465ee728b)  -> (artifact id: '9374108280b9ac3c7ea96b4ffdc67dbf') in 0.038571 seconds 
========================================================================
Received Import Request.
  Time since last request: 0.285228 seconds.
  path: Assets/polyperfect/Low Poly Ultimate Pack/M/- Meshes_M/Furniture_M/bag-storage-towels.fbx
  artifactKey: Guid(6f5ab895bb2544f45bc8cc710d380fd7) Importer(815301076,1909f56bfc062723c751e8b465ee728b)
Start importing Assets/polyperfect/Low Poly Ultimate Pack/M/- Meshes_M/Furniture_M/bag-storage-towels.fbx using Guid(6f5ab895bb2544f45bc8cc710d380fd7) Importer(815301076,1909f56bfc062723c751e8b465ee728b)  -> (artifact id: 'a7e07167da4eaa5a7aa880253aa0be38') in 0.038201 seconds 
========================================================================
Received Import Request.
  Time since last request: 0.000500 seconds.
  path: Assets/polyperfect/Low Poly Ultimate Pack/M/- Meshes_M/Beach_M/ball-beach.fbx
  artifactKey: Guid(14cca91288219f44eb37f85f8463a9b2) Importer(815301076,1909f56bfc062723c751e8b465ee728b)
Start importing Assets/polyperfect/Low Poly Ultimate Pack/M/- Meshes_M/Beach_M/ball-beach.fbx using Guid(14cca91288219f44eb37f85f8463a9b2) Importer(815301076,1909f56bfc062723c751e8b465ee728b)  -> (artifact id: 'f4b6c667dd79fefc080f8b138d4723d0') in 0.040151 seconds 
========================================================================
Received Import Request.
  Time since last request: 0.000491 seconds.
  path: Assets/polyperfect/Low Poly Ultimate Pack/M/- Meshes_M/Japan_M/bamboo-leaves.fbx
  artifactKey: Guid(4c7b484f6aab94a45be2c47b5f94da08) Importer(815301076,1909f56bfc062723c751e8b465ee728b)
Start importing Assets/polyperfect/Low Poly Ultimate Pack/M/- Meshes_M/Japan_M/bamboo-leaves.fbx using Guid(4c7b484f6aab94a45be2c47b5f94da08) Importer(815301076,1909f56bfc062723c751e8b465ee728b)  -> (artifact id: '208300c23a1410e34287ccc2ea62c714') in 0.041526 seconds 
========================================================================
Received Import Request.
  Time since last request: 0.000477 seconds.
  path: Assets/polyperfect/Low Poly Ultimate Pack/M/- Meshes_M/Japan_M/bamboo.fbx
  artifactKey: Guid(c62ae752c23844abfbc03a0ebc02f731) Importer(815301076,1909f56bfc062723c751e8b465ee728b)
Start importing Assets/polyperfect/Low Poly Ultimate Pack/M/- Meshes_M/Japan_M/bamboo.fbx using Guid(c62ae752c23844abfbc03a0ebc02f731) Importer(815301076,1909f56bfc062723c751e8b465ee728b)  -> (artifact id: 'b1fb20c0f3d5395e011de4d24d4d02cd') in 0.037914 seconds 
========================================================================
Received Import Request.
  Time since last request: 0.000321 seconds.
  path: Assets/polyperfect/Low Poly Ultimate Pack/M/- Meshes_M/Medieval_M/ballista.fbx
  artifactKey: Guid(894f7e6fc31cd47829c9aef780bfaf80) Importer(815301076,1909f56bfc062723c751e8b465ee728b)
Start importing Assets/polyperfect/Low Poly Ultimate Pack/M/- Meshes_M/Medieval_M/ballista.fbx using Guid(894f7e6fc31cd47829c9aef780bfaf80) Importer(815301076,1909f56bfc062723c751e8b465ee728b)  -> (artifact id: '0381425667d791f07887206d996cfc96') in 0.039829 seconds 
========================================================================
Received Import Request.
  Time since last request: 2.671121 seconds.
  path: Assets/polyperfect/Low Poly Ultimate Pack/M/- Meshes_M/Props_M/beer-keg-medium.fbx
  artifactKey: Guid(25a55b01c6a33a4468052328d1c1eadd) Importer(815301076,1909f56bfc062723c751e8b465ee728b)
Start importing Assets/polyperfect/Low Poly Ultimate Pack/M/- Meshes_M/Props_M/beer-keg-medium.fbx using Guid(25a55b01c6a33a4468052328d1c1eadd) Importer(815301076,1909f56bfc062723c751e8b465ee728b)  -> (artifact id: '986235af21db6ce4b7f935d91b13eb53') in 0.035709 seconds 
========================================================================
Received Import Request.
  Time since last request: 0.000389 seconds.
  path: Assets/polyperfect/Low Poly Ultimate Pack/M/- Prefabs_M/Props_M/beer-keg-small.prefab
  artifactKey: Guid(1f28c475275882f4aa052d581bcceac4) Importer(815301076,1909f56bfc062723c751e8b465ee728b)
Start importing Assets/polyperfect/Low Poly Ultimate Pack/M/- Prefabs_M/Props_M/beer-keg-small.prefab using Guid(1f28c475275882f4aa052d581bcceac4) Importer(815301076,1909f56bfc062723c751e8b465ee728b)  -> (artifact id: '0e50f4a71bcdb5603a1b3dc8990fb6ba') in 0.038143 seconds 
========================================================================
Received Import Request.
  Time since last request: 0.000308 seconds.
  path: Assets/polyperfect/Low Poly Ultimate Pack/T/- Meshes_T/Scifi_T/belt-moving-connector.fbx
  artifactKey: Guid(12305ad01f9f93144be230ed2c09a446) Importer(815301076,1909f56bfc062723c751e8b465ee728b)
Start importing Assets/polyperfect/Low Poly Ultimate Pack/T/- Meshes_T/Scifi_T/belt-moving-connector.fbx using Guid(12305ad01f9f93144be230ed2c09a446) Importer(815301076,1909f56bfc062723c751e8b465ee728b)  -> (artifact id: '167c3a25219a61db996a72e6036c7f44') in 0.037706 seconds 
========================================================================
Received Import Request.
  Time since last request: 0.000328 seconds.
  path: Assets/polyperfect/Low Poly Ultimate Pack/T/- Meshes_T/Props_T/beer-keg-medium.fbx
  artifactKey: Guid(229b522a8183ae248a6cd939543117c0) Importer(815301076,1909f56bfc062723c751e8b465ee728b)
Start importing Assets/polyperfect/Low Poly Ultimate Pack/T/- Meshes_T/Props_T/beer-keg-medium.fbx using Guid(229b522a8183ae248a6cd939543117c0) Importer(815301076,1909f56bfc062723c751e8b465ee728b)  -> (artifact id: 'f964351f87eb8c222f732e5585433e3b') in 0.036351 seconds 
========================================================================
Received Import Request.
  Time since last request: 0.000340 seconds.
  path: Assets/polyperfect/Low Poly Ultimate Pack/M/- Meshes_M/Props_M/beer-tap.fbx
  artifactKey: Guid(3644b291b16e6a94d8a0e4cfcea5c547) Importer(815301076,1909f56bfc062723c751e8b465ee728b)
Start importing Assets/polyperfect/Low Poly Ultimate Pack/M/- Meshes_M/Props_M/beer-tap.fbx using Guid(3644b291b16e6a94d8a0e4cfcea5c547) Importer(815301076,1909f56bfc062723c751e8b465ee728b)  -> (artifact id: '62133cef7103abadb539cc177d8c7fc9') in 0.034770 seconds 
========================================================================
Received Import Request.
  Time since last request: 0.000395 seconds.
  path: Assets/polyperfect/Low Poly Ultimate Pack/T/- Prefabs_T/Scifi_T/belt-moving-column.prefab
  artifactKey: Guid(4fc8fd6a874055048b231961152b1df3) Importer(815301076,1909f56bfc062723c751e8b465ee728b)
Start importing Assets/polyperfect/Low Poly Ultimate Pack/T/- Prefabs_T/Scifi_T/belt-moving-column.prefab using Guid(4fc8fd6a874055048b231961152b1df3) Importer(815301076,1909f56bfc062723c751e8b465ee728b)  -> (artifact id: '7ce602cfabdd3d1923d06369aae26ee5') in 0.032488 seconds 
========================================================================
Received Import Request.
  Time since last request: 0.000342 seconds.
  path: Assets/polyperfect/Low Poly Ultimate Pack/T/- Prefabs_T/Props_T/beer-tap.prefab
  artifactKey: Guid(2f5ae262cb4fc4c4098e34de76cc30be) Importer(815301076,1909f56bfc062723c751e8b465ee728b)
Start importing Assets/polyperfect/Low Poly Ultimate Pack/T/- Prefabs_T/Props_T/beer-tap.prefab using Guid(2f5ae262cb4fc4c4098e34de76cc30be) Importer(815301076,1909f56bfc062723c751e8b465ee728b)  -> (artifact id: 'd2b40038e1a38d0bda3a526ca9681616') in 0.033679 seconds 
========================================================================
Received Import Request.
  Time since last request: 0.000329 seconds.
  path: Assets/polyperfect/Low Poly Ultimate Pack/M/- Meshes_M/Scifi_M/belt-moving-column.fbx
  artifactKey: Guid(5c6877f2db38a1843a3896d65ff9e867) Importer(815301076,1909f56bfc062723c751e8b465ee728b)
Start importing Assets/polyperfect/Low Poly Ultimate Pack/M/- Meshes_M/Scifi_M/belt-moving-column.fbx using Guid(5c6877f2db38a1843a3896d65ff9e867) Importer(815301076,1909f56bfc062723c751e8b465ee728b)  -> (artifact id: '4986dfdd9c18b1c6074e5265e36fc941') in 0.033445 seconds 
========================================================================
Received Import Request.
  Time since last request: 0.000348 seconds.
  path: Assets/polyperfect/Low Poly Ultimate Pack/T/- Meshes_T/Scifi_T/belt-moving-column.fbx
  artifactKey: Guid(3b1d956aaf0a69840a43d8e52ef7df18) Importer(815301076,1909f56bfc062723c751e8b465ee728b)
Start importing Assets/polyperfect/Low Poly Ultimate Pack/T/- Meshes_T/Scifi_T/belt-moving-column.fbx using Guid(3b1d956aaf0a69840a43d8e52ef7df18) Importer(815301076,1909f56bfc062723c751e8b465ee728b)  -> (artifact id: 'ff5ca940cccf28d651dbb6f6113e2f2b') in 0.015033 seconds 
========================================================================
Received Import Request.
  Time since last request: 0.000296 seconds.
  path: Assets/polyperfect/Low Poly Ultimate Pack/T/- Prefabs_T/Props_T/beer-keg-small.prefab
  artifactKey: Guid(e376aa972347af14cb50ef015442c5d9) Importer(815301076,1909f56bfc062723c751e8b465ee728b)
Start importing Assets/polyperfect/Low Poly Ultimate Pack/T/- Prefabs_T/Props_T/beer-keg-small.prefab using Guid(e376aa972347af14cb50ef015442c5d9) Importer(815301076,1909f56bfc062723c751e8b465ee728b)  -> (artifact id: 'a9c1aee80a8e0958d9c795bf5840f684') in 0.033112 seconds 
========================================================================
Received Import Request.
  Time since last request: 0.000669 seconds.
  path: Assets/polyperfect/Low Poly Ultimate Pack/M/- Prefabs_M/Props_M/beer-tap.prefab
  artifactKey: Guid(9bcec4d872dc18343af4c14db1e790ec) Importer(815301076,1909f56bfc062723c751e8b465ee728b)
Start importing Assets/polyperfect/Low Poly Ultimate Pack/M/- Prefabs_M/Props_M/beer-tap.prefab using Guid(9bcec4d872dc18343af4c14db1e790ec) Importer(815301076,1909f56bfc062723c751e8b465ee728b)  -> (artifact id: '15a20db8685cd7c4659f774a49793fbe') in 0.031436 seconds 
========================================================================
Received Import Request.
  Time since last request: 0.000295 seconds.
  path: Assets/polyperfect/Low Poly Ultimate Pack/M/- Meshes_M/Props_M/beer-keg-small.fbx
  artifactKey: Guid(7c8305ee9b216fc43833e32b2aab0596) Importer(815301076,1909f56bfc062723c751e8b465ee728b)
Start importing Assets/polyperfect/Low Poly Ultimate Pack/M/- Meshes_M/Props_M/beer-keg-small.fbx using Guid(7c8305ee9b216fc43833e32b2aab0596) Importer(815301076,1909f56bfc062723c751e8b465ee728b)  -> (artifact id: 'a00fd97f460a04d19f2d7deecbf1fdd6') in 0.025332 seconds 
========================================================================
Received Import Request.
  Time since last request: 0.000646 seconds.
  path: Assets/polyperfect/Low Poly Ultimate Pack/T/- Meshes_T/Props_T/beer-tap.fbx
  artifactKey: Guid(69e355696b4b858409273e6d8d8b68e4) Importer(815301076,1909f56bfc062723c751e8b465ee728b)
Start importing Assets/polyperfect/Low Poly Ultimate Pack/T/- Meshes_T/Props_T/beer-tap.fbx using Guid(69e355696b4b858409273e6d8d8b68e4) Importer(815301076,1909f56bfc062723c751e8b465ee728b)  -> (artifact id: '90b93bb92757b859a791069a95ca7118') in 0.026507 seconds 
========================================================================
Received Import Request.
  Time since last request: 0.000286 seconds.
  path: Assets/polyperfect/Low Poly Ultimate Pack/T/- Meshes_T/Props_T/beer-keg-small.fbx
  artifactKey: Guid(29b1203f25d83c146abcc9555e35eacc) Importer(815301076,1909f56bfc062723c751e8b465ee728b)
Start importing Assets/polyperfect/Low Poly Ultimate Pack/T/- Meshes_T/Props_T/beer-keg-small.fbx using Guid(29b1203f25d83c146abcc9555e35eacc) Importer(815301076,1909f56bfc062723c751e8b465ee728b)  -> (artifact id: '379cb03f8bc9be1c96ed058cc6977df0') in 0.025291 seconds 
========================================================================
Received Prepare
Registering precompiled user dll's ...
Registered in 0.005548 seconds.
Begin MonoManager ReloadAssembly
Native extension for WindowsStandalone target not found
Refreshing native plugins compatible for Editor in 2.73 ms, found 4 plugins.
Preloading 0 native plugins for Editor in 0.00 ms.
Mono: successfully reloaded assembly
- Completed reload, in  1.027 seconds
Domain Reload Profiling:
	ReloadAssembly (1027ms)
		BeginReloadAssembly (129ms)
			ExecutionOrderSort (0ms)
			DisableScriptedObjects (5ms)
			BackupInstance (0ms)
			ReleaseScriptingObjects (0ms)
			CreateAndSetChildDomain (33ms)
		EndReloadAssembly (827ms)
			LoadAssemblies (107ms)
			RebuildTransferFunctionScriptingTraits (0ms)
			SetupTypeCache (298ms)
			ReleaseScriptCaches (1ms)
			RebuildScriptCaches (42ms)
			SetupLoadedEditorAssemblies (284ms)
				LogAssemblyErrors (0ms)
				InitializePlatformSupportModulesInManaged (4ms)
				SetLoadedEditorAssemblies (0ms)
				RefreshPlugins (3ms)
				BeforeProcessingInitializeOnLoad (73ms)
				ProcessInitializeOnLoadAttributes (185ms)
				ProcessInitializeOnLoadMethodAttributes (11ms)
				AfterProcessingInitializeOnLoad (7ms)
				EditorAssembliesLoaded (0ms)
			ExecutionOrderSort2 (0ms)
			AwakeInstancesAfterBackupRestoration (9ms)
Platform modules already initialized, skipping
Refreshing native plugins compatible for Editor in 1.83 ms, found 4 plugins.
Preloading 0 native plugins for Editor in 0.00 ms.
Unloading 1635 Unused Serialized files (Serialized files now loaded: 0)
System memory in use before: 113.0 MB.
System memory in use after: 113.2 MB.

Unloading 23 unused Assets to reduce memory usage. Loaded Objects now: 2115.
Total: 3.401300 ms (FindLiveObjects: 0.111500 ms CreateObjectMapping: 0.050100 ms MarkObjects: 3.186400 ms  DeleteObjects: 0.051600 ms)

AssetImportParameters requested are different than current active one (requested -> active):
  custom:framework-win-MediaFoundation: 216162199b28c13a410421893ffa2e32 -> 
  custom:video-decoder-ogg-theora: a1e56fd34408186e4bbccfd4996cb3dc -> 
  custom:container-muxer-webm: aa71ff27fc2769a1b78a27578f13a17b -> 
  custom:container-demuxer-webm: 4f35f7cbe854078d1ac9338744f61a02 -> 
  custom:container-demuxer-ogg: 62fdf1f143b41e24485cea50d1cbac27 -> 
  custom:video-encoder-webm-vp8: eb34c28f22e8b96e1ab97ce403110664 -> 
  custom:video-codec-MediaFoundation-h265: 746d11721c4dcdbdad8f713fa42b33f4 -> 
  custom:video-decoder-webm-vp8: 9c59270c3fd7afecdb556c50c9e8de78 -> 
  custom:audio-decoder-ogg-vorbis: bf7c407c2cedff20999df2af8eb42d56 -> 
  custom:audio-encoder-webm-vorbis: bf7c407c2cedff20999df2af8eb42d56 -> 
========================================================================
Received Import Request.
  Time since last request: 67.153781 seconds.
  path: Assets/Scipts
  artifactKey: Guid(be48b94546126234cb97f9c2593934d0) Importer(815301076,1909f56bfc062723c751e8b465ee728b)
Start importing Assets/Scipts using Guid(be48b94546126234cb97f9c2593934d0) Importer(815301076,1909f56bfc062723c751e8b465ee728b)  -> (artifact id: '56c9722a666acb893c06aa53a0a28d35') in 0.027739 seconds 
========================================================================
Received Import Request.
  Time since last request: 10.958583 seconds.
  path: Assets/Scipts/SceneLoade.cs
  artifactKey: Guid(bc8e9f6e6f29dc24eb8d70c6caae7677) Importer(815301076,1909f56bfc062723c751e8b465ee728b)
Start importing Assets/Scipts/SceneLoade.cs using Guid(bc8e9f6e6f29dc24eb8d70c6caae7677) Importer(815301076,1909f56bfc062723c751e8b465ee728b)  -> (artifact id: '424e4779f86212c91b56712d88c986e7') in 0.021162 seconds 
========================================================================
Received Import Request.
  Time since last request: 3.379888 seconds.
  path: Assets/Scipts/SceneLoader.cs
  artifactKey: Guid(bc8e9f6e6f29dc24eb8d70c6caae7677) Importer(815301076,1909f56bfc062723c751e8b465ee728b)
Start importing Assets/Scipts/SceneLoader.cs using Guid(bc8e9f6e6f29dc24eb8d70c6caae7677) Importer(815301076,1909f56bfc062723c751e8b465ee728b)  -> (artifact id: 'ba1c26daea87efce645d19ae887ed1f0') in 0.014363 seconds 
========================================================================
Received Prepare
Registering precompiled user dll's ...
Registered in 0.006475 seconds.
Begin MonoManager ReloadAssembly
Native extension for WindowsStandalone target not found
Refreshing native plugins compatible for Editor in 2.33 ms, found 4 plugins.
Preloading 0 native plugins for Editor in 0.00 ms.
Mono: successfully reloaded assembly
- Completed reload, in  1.253 seconds
Domain Reload Profiling:
	ReloadAssembly (1254ms)
		BeginReloadAssembly (141ms)
			ExecutionOrderSort (0ms)
			DisableScriptedObjects (8ms)
			BackupInstance (0ms)
			ReleaseScriptingObjects (0ms)
			CreateAndSetChildDomain (40ms)
		EndReloadAssembly (1027ms)
			LoadAssemblies (123ms)
			RebuildTransferFunctionScriptingTraits (0ms)
			SetupTypeCache (355ms)
			ReleaseScriptCaches (1ms)
			RebuildScriptCaches (54ms)
			SetupLoadedEditorAssemblies (377ms)
				LogAssemblyErrors (0ms)
				InitializePlatformSupportModulesInManaged (8ms)
				SetLoadedEditorAssemblies (2ms)
				RefreshPlugins (2ms)
				BeforeProcessingInitializeOnLoad (96ms)
				ProcessInitializeOnLoadAttributes (248ms)
				ProcessInitializeOnLoadMethodAttributes (14ms)
				AfterProcessingInitializeOnLoad (6ms)
				EditorAssembliesLoaded (0ms)
			ExecutionOrderSort2 (0ms)
			AwakeInstancesAfterBackupRestoration (12ms)
Platform modules already initialized, skipping
Refreshing native plugins compatible for Editor in 2.97 ms, found 4 plugins.
Preloading 0 native plugins for Editor in 0.00 ms.
Unloading 1636 Unused Serialized files (Serialized files now loaded: 0)
System memory in use before: 113.1 MB.
System memory in use after: 113.2 MB.

Unloading 22 unused Assets to reduce memory usage. Loaded Objects now: 2119.
Total: 4.113700 ms (FindLiveObjects: 0.153200 ms CreateObjectMapping: 0.042900 ms MarkObjects: 3.876100 ms  DeleteObjects: 0.039900 ms)

AssetImportParameters requested are different than current active one (requested -> active):
  custom:framework-win-MediaFoundation: 216162199b28c13a410421893ffa2e32 -> 
  custom:video-decoder-ogg-theora: a1e56fd34408186e4bbccfd4996cb3dc -> 
  custom:container-muxer-webm: aa71ff27fc2769a1b78a27578f13a17b -> 
  custom:container-demuxer-webm: 4f35f7cbe854078d1ac9338744f61a02 -> 
  custom:container-demuxer-ogg: 62fdf1f143b41e24485cea50d1cbac27 -> 
  custom:video-encoder-webm-vp8: eb34c28f22e8b96e1ab97ce403110664 -> 
  custom:video-codec-MediaFoundation-h265: 746d11721c4dcdbdad8f713fa42b33f4 -> 
  custom:video-decoder-webm-vp8: 9c59270c3fd7afecdb556c50c9e8de78 -> 
  custom:audio-decoder-ogg-vorbis: bf7c407c2cedff20999df2af8eb42d56 -> 
  custom:audio-encoder-webm-vorbis: bf7c407c2cedff20999df2af8eb42d56 -> 
========================================================================
Received Import Request.
  Time since last request: 18.528042 seconds.
  path: Assets/Scipts/SceneLoader.cs
  artifactKey: Guid(bc8e9f6e6f29dc24eb8d70c6caae7677) Importer(815301076,1909f56bfc062723c751e8b465ee728b)
Start importing Assets/Scipts/SceneLoader.cs using Guid(bc8e9f6e6f29dc24eb8d70c6caae7677) Importer(815301076,1909f56bfc062723c751e8b465ee728b)  -> (artifact id: 'ae0df249d2ce7f2560f1ae5493022200') in 0.019504 seconds 
========================================================================
Received Prepare
Registering precompiled user dll's ...
Registered in 0.004625 seconds.
Begin MonoManager ReloadAssembly
Native extension for WindowsStandalone target not found
Refreshing native plugins compatible for Editor in 2.04 ms, found 4 plugins.
Preloading 0 native plugins for Editor in 0.00 ms.
Mono: successfully reloaded assembly
- Completed reload, in  1.225 seconds
Domain Reload Profiling:
	ReloadAssembly (1226ms)
		BeginReloadAssembly (142ms)
			ExecutionOrderSort (0ms)
			DisableScriptedObjects (7ms)
			BackupInstance (0ms)
			ReleaseScriptingObjects (0ms)
			CreateAndSetChildDomain (40ms)
		EndReloadAssembly (1002ms)
			LoadAssemblies (132ms)
			RebuildTransferFunctionScriptingTraits (0ms)
			SetupTypeCache (384ms)
			ReleaseScriptCaches (1ms)
			RebuildScriptCaches (55ms)
			SetupLoadedEditorAssemblies (316ms)
				LogAssemblyErrors (0ms)
				InitializePlatformSupportModulesInManaged (6ms)
				SetLoadedEditorAssemblies (1ms)
				RefreshPlugins (3ms)
				BeforeProcessingInitializeOnLoad (99ms)
				ProcessInitializeOnLoadAttributes (194ms)
				ProcessInitializeOnLoadMethodAttributes (8ms)
				AfterProcessingInitializeOnLoad (5ms)
				EditorAssembliesLoaded (0ms)
			ExecutionOrderSort2 (0ms)
			AwakeInstancesAfterBackupRestoration (5ms)
Platform modules already initialized, skipping
Refreshing native plugins compatible for Editor in 1.53 ms, found 4 plugins.
Preloading 0 native plugins for Editor in 0.00 ms.
Unloading 1636 Unused Serialized files (Serialized files now loaded: 0)
System memory in use before: 113.1 MB.
System memory in use after: 113.2 MB.

Unloading 22 unused Assets to reduce memory usage. Loaded Objects now: 2122.
Total: 3.187600 ms (FindLiveObjects: 0.103700 ms CreateObjectMapping: 0.026100 ms MarkObjects: 3.031200 ms  DeleteObjects: 0.025200 ms)

AssetImportParameters requested are different than current active one (requested -> active):
  custom:framework-win-MediaFoundation: 216162199b28c13a410421893ffa2e32 -> 
  custom:video-decoder-ogg-theora: a1e56fd34408186e4bbccfd4996cb3dc -> 
  custom:container-muxer-webm: aa71ff27fc2769a1b78a27578f13a17b -> 
  custom:container-demuxer-webm: 4f35f7cbe854078d1ac9338744f61a02 -> 
  custom:container-demuxer-ogg: 62fdf1f143b41e24485cea50d1cbac27 -> 
  custom:video-encoder-webm-vp8: eb34c28f22e8b96e1ab97ce403110664 -> 
  custom:video-codec-MediaFoundation-h265: 746d11721c4dcdbdad8f713fa42b33f4 -> 
  custom:video-decoder-webm-vp8: 9c59270c3fd7afecdb556c50c9e8de78 -> 
  custom:audio-decoder-ogg-vorbis: bf7c407c2cedff20999df2af8eb42d56 -> 
  custom:audio-encoder-webm-vorbis: bf7c407c2cedff20999df2af8eb42d56 -> 
========================================================================
Received Import Request.
  Time since last request: 135.213721 seconds.
  path: Assets/Scenes/GameBeijingTrial.unity
  artifactKey: Guid(787ad062da38fda4b9d85b9c079a94af) Importer(815301076,1909f56bfc062723c751e8b465ee728b)
Start importing Assets/Scenes/GameBeijingTrial.unity using Guid(787ad062da38fda4b9d85b9c079a94af) Importer(815301076,1909f56bfc062723c751e8b465ee728b)  -> (artifact id: '96d68b0701471ba272827d495a2dbf7a') in 0.018323 seconds 
========================================================================
Received Prepare
Registering precompiled user dll's ...
Registered in 0.004326 seconds.
Begin MonoManager ReloadAssembly
Native extension for WindowsStandalone target not found
Refreshing native plugins compatible for Editor in 2.55 ms, found 4 plugins.
Preloading 0 native plugins for Editor in 0.00 ms.
Mono: successfully reloaded assembly
- Completed reload, in  1.108 seconds
Domain Reload Profiling:
	ReloadAssembly (1108ms)
		BeginReloadAssembly (132ms)
			ExecutionOrderSort (0ms)
			DisableScriptedObjects (5ms)
			BackupInstance (0ms)
			ReleaseScriptingObjects (0ms)
			CreateAndSetChildDomain (40ms)
		EndReloadAssembly (905ms)
			LoadAssemblies (111ms)
			RebuildTransferFunctionScriptingTraits (0ms)
			SetupTypeCache (315ms)
			ReleaseScriptCaches (1ms)
			RebuildScriptCaches (47ms)
			SetupLoadedEditorAssemblies (332ms)
				LogAssemblyErrors (0ms)
				InitializePlatformSupportModulesInManaged (6ms)
				SetLoadedEditorAssemblies (1ms)
				RefreshPlugins (3ms)
				BeforeProcessingInitializeOnLoad (83ms)
				ProcessInitializeOnLoadAttributes (224ms)
				ProcessInitializeOnLoadMethodAttributes (10ms)
				AfterProcessingInitializeOnLoad (5ms)
				EditorAssembliesLoaded (0ms)
			ExecutionOrderSort2 (0ms)
			AwakeInstancesAfterBackupRestoration (7ms)
Platform modules already initialized, skipping
Refreshing native plugins compatible for Editor in 1.59 ms, found 4 plugins.
Preloading 0 native plugins for Editor in 0.00 ms.
Unloading 1636 Unused Serialized files (Serialized files now loaded: 0)
System memory in use before: 113.1 MB.
System memory in use after: 113.2 MB.

Unloading 22 unused Assets to reduce memory usage. Loaded Objects now: 2125.
Total: 4.883800 ms (FindLiveObjects: 0.126200 ms CreateObjectMapping: 0.061800 ms MarkObjects: 4.638000 ms  DeleteObjects: 0.056200 ms)

AssetImportParameters requested are different than current active one (requested -> active):
  custom:framework-win-MediaFoundation: 216162199b28c13a410421893ffa2e32 -> 
  custom:video-decoder-ogg-theora: a1e56fd34408186e4bbccfd4996cb3dc -> 
  custom:container-muxer-webm: aa71ff27fc2769a1b78a27578f13a17b -> 
  custom:container-demuxer-webm: 4f35f7cbe854078d1ac9338744f61a02 -> 
  custom:container-demuxer-ogg: 62fdf1f143b41e24485cea50d1cbac27 -> 
  custom:video-encoder-webm-vp8: eb34c28f22e8b96e1ab97ce403110664 -> 
  custom:video-codec-MediaFoundation-h265: 746d11721c4dcdbdad8f713fa42b33f4 -> 
  custom:video-decoder-webm-vp8: 9c59270c3fd7afecdb556c50c9e8de78 -> 
  custom:audio-decoder-ogg-vorbis: bf7c407c2cedff20999df2af8eb42d56 -> 
  custom:audio-encoder-webm-vorbis: bf7c407c2cedff20999df2af8eb42d56 -> 
========================================================================
Received Prepare
Registering precompiled user dll's ...
Registered in 0.004911 seconds.
Begin MonoManager ReloadAssembly
Native extension for WindowsStandalone target not found
Refreshing native plugins compatible for Editor in 1.87 ms, found 4 plugins.
Preloading 0 native plugins for Editor in 0.00 ms.
Mono: successfully reloaded assembly
- Completed reload, in  1.221 seconds
Domain Reload Profiling:
	ReloadAssembly (1221ms)
		BeginReloadAssembly (123ms)
			ExecutionOrderSort (0ms)
			DisableScriptedObjects (5ms)
			BackupInstance (0ms)
			ReleaseScriptingObjects (0ms)
			CreateAndSetChildDomain (32ms)
		EndReloadAssembly (1022ms)
			LoadAssemblies (117ms)
			RebuildTransferFunctionScriptingTraits (0ms)
			SetupTypeCache (343ms)
			ReleaseScriptCaches (1ms)
			RebuildScriptCaches (48ms)
			SetupLoadedEditorAssemblies (379ms)
				LogAssemblyErrors (0ms)
				InitializePlatformSupportModulesInManaged (6ms)
				SetLoadedEditorAssemblies (1ms)
				RefreshPlugins (2ms)
				BeforeProcessingInitializeOnLoad (135ms)
				ProcessInitializeOnLoadAttributes (220ms)
				ProcessInitializeOnLoadMethodAttributes (11ms)
				AfterProcessingInitializeOnLoad (5ms)
				EditorAssembliesLoaded (0ms)
			ExecutionOrderSort2 (0ms)
			AwakeInstancesAfterBackupRestoration (8ms)
Platform modules already initialized, skipping
Refreshing native plugins compatible for Editor in 2.05 ms, found 4 plugins.
Preloading 0 native plugins for Editor in 0.00 ms.
Unloading 1636 Unused Serialized files (Serialized files now loaded: 0)
System memory in use before: 113.1 MB.
System memory in use after: 113.2 MB.

Unloading 22 unused Assets to reduce memory usage. Loaded Objects now: 2128.
Total: 3.875300 ms (FindLiveObjects: 0.224800 ms CreateObjectMapping: 0.046200 ms MarkObjects: 3.557000 ms  DeleteObjects: 0.045400 ms)

AssetImportParameters requested are different than current active one (requested -> active):
  custom:framework-win-MediaFoundation: 216162199b28c13a410421893ffa2e32 -> 
  custom:video-decoder-ogg-theora: a1e56fd34408186e4bbccfd4996cb3dc -> 
  custom:container-muxer-webm: aa71ff27fc2769a1b78a27578f13a17b -> 
  custom:container-demuxer-webm: 4f35f7cbe854078d1ac9338744f61a02 -> 
  custom:container-demuxer-ogg: 62fdf1f143b41e24485cea50d1cbac27 -> 
  custom:video-encoder-webm-vp8: eb34c28f22e8b96e1ab97ce403110664 -> 
  custom:video-codec-MediaFoundation-h265: 746d11721c4dcdbdad8f713fa42b33f4 -> 
  custom:video-decoder-webm-vp8: 9c59270c3fd7afecdb556c50c9e8de78 -> 
  custom:audio-decoder-ogg-vorbis: bf7c407c2cedff20999df2af8eb42d56 -> 
  custom:audio-encoder-webm-vorbis: bf7c407c2cedff20999df2af8eb42d56 -> 
========================================================================
Received Prepare
Registering precompiled user dll's ...
Registered in 0.008050 seconds.
Begin MonoManager ReloadAssembly
Native extension for WindowsStandalone target not found
Refreshing native plugins compatible for Editor in 2.17 ms, found 4 plugins.
Preloading 0 native plugins for Editor in 0.00 ms.
Mono: successfully reloaded assembly
- Completed reload, in  1.129 seconds
Domain Reload Profiling:
	ReloadAssembly (1130ms)
		BeginReloadAssembly (126ms)
			ExecutionOrderSort (0ms)
			DisableScriptedObjects (5ms)
			BackupInstance (0ms)
			ReleaseScriptingObjects (0ms)
			CreateAndSetChildDomain (34ms)
		EndReloadAssembly (925ms)
			LoadAssemblies (117ms)
			RebuildTransferFunctionScriptingTraits (0ms)
			SetupTypeCache (307ms)
			ReleaseScriptCaches (1ms)
			RebuildScriptCaches (48ms)
			SetupLoadedEditorAssemblies (353ms)
				LogAssemblyErrors (0ms)
				InitializePlatformSupportModulesInManaged (8ms)
				SetLoadedEditorAssemblies (1ms)
				RefreshPlugins (2ms)
				BeforeProcessingInitializeOnLoad (98ms)
				ProcessInitializeOnLoadAttributes (227ms)
				ProcessInitializeOnLoadMethodAttributes (11ms)
				AfterProcessingInitializeOnLoad (6ms)
				EditorAssembliesLoaded (0ms)
			ExecutionOrderSort2 (0ms)
			AwakeInstancesAfterBackupRestoration (8ms)
Platform modules already initialized, skipping
Refreshing native plugins compatible for Editor in 1.85 ms, found 4 plugins.
Preloading 0 native plugins for Editor in 0.00 ms.
Unloading 1636 Unused Serialized files (Serialized files now loaded: 0)
System memory in use before: 113.1 MB.
System memory in use after: 113.2 MB.

Unloading 22 unused Assets to reduce memory usage. Loaded Objects now: 2131.
Total: 4.582300 ms (FindLiveObjects: 0.170800 ms CreateObjectMapping: 0.045400 ms MarkObjects: 4.296500 ms  DeleteObjects: 0.068100 ms)

AssetImportParameters requested are different than current active one (requested -> active):
  custom:framework-win-MediaFoundation: 216162199b28c13a410421893ffa2e32 -> 
  custom:video-decoder-ogg-theora: a1e56fd34408186e4bbccfd4996cb3dc -> 
  custom:container-muxer-webm: aa71ff27fc2769a1b78a27578f13a17b -> 
  custom:container-demuxer-webm: 4f35f7cbe854078d1ac9338744f61a02 -> 
  custom:container-demuxer-ogg: 62fdf1f143b41e24485cea50d1cbac27 -> 
  custom:video-encoder-webm-vp8: eb34c28f22e8b96e1ab97ce403110664 -> 
  custom:video-codec-MediaFoundation-h265: 746d11721c4dcdbdad8f713fa42b33f4 -> 
  custom:video-decoder-webm-vp8: 9c59270c3fd7afecdb556c50c9e8de78 -> 
  custom:audio-decoder-ogg-vorbis: bf7c407c2cedff20999df2af8eb42d56 -> 
  custom:audio-encoder-webm-vorbis: bf7c407c2cedff20999df2af8eb42d56 -> 
========================================================================
Received Prepare
Registering precompiled user dll's ...
Registered in 0.004533 seconds.
Begin MonoManager ReloadAssembly
Native extension for WindowsStandalone target not found
Refreshing native plugins compatible for Editor in 2.11 ms, found 4 plugins.
Preloading 0 native plugins for Editor in 0.00 ms.
Mono: successfully reloaded assembly
- Completed reload, in  1.037 seconds
Domain Reload Profiling:
	ReloadAssembly (1037ms)
		BeginReloadAssembly (121ms)
			ExecutionOrderSort (0ms)
			DisableScriptedObjects (7ms)
			BackupInstance (0ms)
			ReleaseScriptingObjects (0ms)
			CreateAndSetChildDomain (33ms)
		EndReloadAssembly (841ms)
			LoadAssemblies (102ms)
			RebuildTransferFunctionScriptingTraits (0ms)
			SetupTypeCache (281ms)
			ReleaseScriptCaches (1ms)
			RebuildScriptCaches (44ms)
			SetupLoadedEditorAssemblies (311ms)
				LogAssemblyErrors (0ms)
				InitializePlatformSupportModulesInManaged (5ms)
				SetLoadedEditorAssemblies (1ms)
				RefreshPlugins (2ms)
				BeforeProcessingInitializeOnLoad (83ms)
				ProcessInitializeOnLoadAttributes (205ms)
				ProcessInitializeOnLoadMethodAttributes (10ms)
				AfterProcessingInitializeOnLoad (5ms)
				EditorAssembliesLoaded (0ms)
			ExecutionOrderSort2 (0ms)
			AwakeInstancesAfterBackupRestoration (7ms)
Platform modules already initialized, skipping
Refreshing native plugins compatible for Editor in 3.16 ms, found 4 plugins.
Preloading 0 native plugins for Editor in 0.00 ms.
Unloading 1636 Unused Serialized files (Serialized files now loaded: 0)
System memory in use before: 113.1 MB.
System memory in use after: 113.3 MB.

Unloading 22 unused Assets to reduce memory usage. Loaded Objects now: 2134.
Total: 2.999700 ms (FindLiveObjects: 0.151400 ms CreateObjectMapping: 0.044700 ms MarkObjects: 2.775600 ms  DeleteObjects: 0.026900 ms)

AssetImportParameters requested are different than current active one (requested -> active):
  custom:framework-win-MediaFoundation: 216162199b28c13a410421893ffa2e32 -> 
  custom:video-decoder-ogg-theora: a1e56fd34408186e4bbccfd4996cb3dc -> 
  custom:container-muxer-webm: aa71ff27fc2769a1b78a27578f13a17b -> 
  custom:container-demuxer-webm: 4f35f7cbe854078d1ac9338744f61a02 -> 
  custom:container-demuxer-ogg: 62fdf1f143b41e24485cea50d1cbac27 -> 
  custom:video-encoder-webm-vp8: eb34c28f22e8b96e1ab97ce403110664 -> 
  custom:video-codec-MediaFoundation-h265: 746d11721c4dcdbdad8f713fa42b33f4 -> 
  custom:video-decoder-webm-vp8: 9c59270c3fd7afecdb556c50c9e8de78 -> 
  custom:audio-decoder-ogg-vorbis: bf7c407c2cedff20999df2af8eb42d56 -> 
  custom:audio-encoder-webm-vorbis: bf7c407c2cedff20999df2af8eb42d56 -> 
========================================================================
Received Prepare
Registering precompiled user dll's ...
Registered in 0.004369 seconds.
Begin MonoManager ReloadAssembly
Native extension for WindowsStandalone target not found
Refreshing native plugins compatible for Editor in 1.24 ms, found 4 plugins.
Preloading 0 native plugins for Editor in 0.00 ms.
Mono: successfully reloaded assembly
- Completed reload, in  0.919 seconds
Domain Reload Profiling:
	ReloadAssembly (919ms)
		BeginReloadAssembly (106ms)
			ExecutionOrderSort (0ms)
			DisableScriptedObjects (5ms)
			BackupInstance (0ms)
			ReleaseScriptingObjects (0ms)
			CreateAndSetChildDomain (30ms)
		EndReloadAssembly (751ms)
			LoadAssemblies (99ms)
			RebuildTransferFunctionScriptingTraits (0ms)
			SetupTypeCache (223ms)
			ReleaseScriptCaches (1ms)
			RebuildScriptCaches (40ms)
			SetupLoadedEditorAssemblies (300ms)
				LogAssemblyErrors (0ms)
				InitializePlatformSupportModulesInManaged (5ms)
				SetLoadedEditorAssemblies (1ms)
				RefreshPlugins (1ms)
				BeforeProcessingInitializeOnLoad (68ms)
				ProcessInitializeOnLoadAttributes (209ms)
				ProcessInitializeOnLoadMethodAttributes (10ms)
				AfterProcessingInitializeOnLoad (6ms)
				EditorAssembliesLoaded (0ms)
			ExecutionOrderSort2 (0ms)
			AwakeInstancesAfterBackupRestoration (7ms)
Platform modules already initialized, skipping
Refreshing native plugins compatible for Editor in 1.88 ms, found 4 plugins.
Preloading 0 native plugins for Editor in 0.00 ms.
Unloading 1636 Unused Serialized files (Serialized files now loaded: 0)
System memory in use before: 113.1 MB.
System memory in use after: 113.3 MB.

Unloading 22 unused Assets to reduce memory usage. Loaded Objects now: 2137.
Total: 2.540800 ms (FindLiveObjects: 0.110400 ms CreateObjectMapping: 0.047800 ms MarkObjects: 2.357600 ms  DeleteObjects: 0.023800 ms)

AssetImportParameters requested are different than current active one (requested -> active):
  custom:framework-win-MediaFoundation: 216162199b28c13a410421893ffa2e32 -> 
  custom:video-decoder-ogg-theora: a1e56fd34408186e4bbccfd4996cb3dc -> 
  custom:container-muxer-webm: aa71ff27fc2769a1b78a27578f13a17b -> 
  custom:container-demuxer-webm: 4f35f7cbe854078d1ac9338744f61a02 -> 
  custom:container-demuxer-ogg: 62fdf1f143b41e24485cea50d1cbac27 -> 
  custom:video-encoder-webm-vp8: eb34c28f22e8b96e1ab97ce403110664 -> 
  custom:video-codec-MediaFoundation-h265: 746d11721c4dcdbdad8f713fa42b33f4 -> 
  custom:video-decoder-webm-vp8: 9c59270c3fd7afecdb556c50c9e8de78 -> 
  custom:audio-decoder-ogg-vorbis: bf7c407c2cedff20999df2af8eb42d56 -> 
  custom:audio-encoder-webm-vorbis: bf7c407c2cedff20999df2af8eb42d56 -> 
========================================================================
Received Prepare
Registering precompiled user dll's ...
Registered in 0.004460 seconds.
Begin MonoManager ReloadAssembly
Native extension for WindowsStandalone target not found
Refreshing native plugins compatible for Editor in 1.36 ms, found 4 plugins.
Preloading 0 native plugins for Editor in 0.00 ms.
Mono: successfully reloaded assembly
- Completed reload, in  0.613 seconds
Domain Reload Profiling:
	ReloadAssembly (613ms)
		BeginReloadAssembly (77ms)
			ExecutionOrderSort (0ms)
			DisableScriptedObjects (3ms)
			BackupInstance (0ms)
			ReleaseScriptingObjects (0ms)
			CreateAndSetChildDomain (23ms)
		EndReloadAssembly (495ms)
			LoadAssemblies (61ms)
			RebuildTransferFunctionScriptingTraits (0ms)
			SetupTypeCache (170ms)
			ReleaseScriptCaches (1ms)
			RebuildScriptCaches (30ms)
			SetupLoadedEditorAssemblies (182ms)
				LogAssemblyErrors (0ms)
				InitializePlatformSupportModulesInManaged (3ms)
				SetLoadedEditorAssemblies (0ms)
				RefreshPlugins (1ms)
				BeforeProcessingInitializeOnLoad (45ms)
				ProcessInitializeOnLoadAttributes (123ms)
				ProcessInitializeOnLoadMethodAttributes (5ms)
				AfterProcessingInitializeOnLoad (3ms)
				EditorAssembliesLoaded (0ms)
			ExecutionOrderSort2 (0ms)
			AwakeInstancesAfterBackupRestoration (4ms)
Platform modules already initialized, skipping
Refreshing native plugins compatible for Editor in 1.73 ms, found 4 plugins.
Preloading 0 native plugins for Editor in 0.00 ms.
Unloading 1636 Unused Serialized files (Serialized files now loaded: 0)
System memory in use before: 113.2 MB.
System memory in use after: 113.3 MB.

Unloading 22 unused Assets to reduce memory usage. Loaded Objects now: 2140.
Total: 1.944600 ms (FindLiveObjects: 0.094100 ms CreateObjectMapping: 0.030000 ms MarkObjects: 1.794900 ms  DeleteObjects: 0.023800 ms)

AssetImportParameters requested are different than current active one (requested -> active):
  custom:framework-win-MediaFoundation: 216162199b28c13a410421893ffa2e32 -> 
  custom:video-decoder-ogg-theora: a1e56fd34408186e4bbccfd4996cb3dc -> 
  custom:container-muxer-webm: aa71ff27fc2769a1b78a27578f13a17b -> 
  custom:container-demuxer-webm: 4f35f7cbe854078d1ac9338744f61a02 -> 
  custom:container-demuxer-ogg: 62fdf1f143b41e24485cea50d1cbac27 -> 
  custom:video-encoder-webm-vp8: eb34c28f22e8b96e1ab97ce403110664 -> 
  custom:video-codec-MediaFoundation-h265: 746d11721c4dcdbdad8f713fa42b33f4 -> 
  custom:video-decoder-webm-vp8: 9c59270c3fd7afecdb556c50c9e8de78 -> 
  custom:audio-decoder-ogg-vorbis: bf7c407c2cedff20999df2af8eb42d56 -> 
  custom:audio-encoder-webm-vorbis: bf7c407c2cedff20999df2af8eb42d56 -> 
========================================================================
Received Prepare
Registering precompiled user dll's ...
Registered in 0.012289 seconds.
Begin MonoManager ReloadAssembly
Native extension for WindowsStandalone target not found
Refreshing native plugins compatible for Editor in 1.45 ms, found 4 plugins.
Preloading 0 native plugins for Editor in 0.00 ms.
Mono: successfully reloaded assembly
- Completed reload, in  1.116 seconds
Domain Reload Profiling:
	ReloadAssembly (1117ms)
		BeginReloadAssembly (87ms)
			ExecutionOrderSort (0ms)
			DisableScriptedObjects (3ms)
			BackupInstance (0ms)
			ReleaseScriptingObjects (0ms)
			CreateAndSetChildDomain (24ms)
		EndReloadAssembly (987ms)
			LoadAssemblies (68ms)
			RebuildTransferFunctionScriptingTraits (0ms)
			SetupTypeCache (525ms)
			ReleaseScriptCaches (1ms)
			RebuildScriptCaches (31ms)
			SetupLoadedEditorAssemblies (287ms)
				LogAssemblyErrors (0ms)
				InitializePlatformSupportModulesInManaged (4ms)
				SetLoadedEditorAssemblies (0ms)
				RefreshPlugins (2ms)
				BeforeProcessingInitializeOnLoad (66ms)
				ProcessInitializeOnLoadAttributes (202ms)
				ProcessInitializeOnLoadMethodAttributes (10ms)
				AfterProcessingInitializeOnLoad (3ms)
				EditorAssembliesLoaded (0ms)
			ExecutionOrderSort2 (0ms)
			AwakeInstancesAfterBackupRestoration (6ms)
Platform modules already initialized, skipping
Refreshing native plugins compatible for Editor in 2.28 ms, found 4 plugins.
Preloading 0 native plugins for Editor in 0.00 ms.
Unloading 1860 Unused Serialized files (Serialized files now loaded: 0)
System memory in use before: 120.5 MB.
System memory in use after: 120.6 MB.

Unloading 28 unused Assets to reduce memory usage. Loaded Objects now: 2362.
Total: 4.436300 ms (FindLiveObjects: 0.421500 ms CreateObjectMapping: 0.144200 ms MarkObjects: 3.716400 ms  DeleteObjects: 0.151000 ms)

AssetImportParameters requested are different than current active one (requested -> active):
  custom:framework-win-MediaFoundation: 216162199b28c13a410421893ffa2e32 -> 
  custom:video-decoder-ogg-theora: a1e56fd34408186e4bbccfd4996cb3dc -> 
  custom:container-muxer-webm: aa71ff27fc2769a1b78a27578f13a17b -> 
  custom:container-demuxer-webm: 4f35f7cbe854078d1ac9338744f61a02 -> 
  custom:container-demuxer-ogg: 62fdf1f143b41e24485cea50d1cbac27 -> 
  custom:video-encoder-webm-vp8: eb34c28f22e8b96e1ab97ce403110664 -> 
  custom:video-codec-MediaFoundation-h265: 746d11721c4dcdbdad8f713fa42b33f4 -> 
  custom:video-decoder-webm-vp8: 9c59270c3fd7afecdb556c50c9e8de78 -> 
  custom:audio-decoder-ogg-vorbis: bf7c407c2cedff20999df2af8eb42d56 -> 
  custom:audio-encoder-webm-vorbis: bf7c407c2cedff20999df2af8eb42d56 -> 
========================================================================
Received Import Request.
  Time since last request: 1075.333647 seconds.
  path: Assets/Photon/PhotonUnityNetworking/Resources/PhotonServerSettings.asset
  artifactKey: Guid(f978685d21ee68e419a350339b76ea37) Importer(815301076,1909f56bfc062723c751e8b465ee728b)
Start importing Assets/Photon/PhotonUnityNetworking/Resources/PhotonServerSettings.asset using Guid(f978685d21ee68e419a350339b76ea37) Importer(815301076,1909f56bfc062723c751e8b465ee728b)  -> (artifact id: '43800cb26bc6bbae2f7cec3e9d97da25') in 0.034425 seconds 
========================================================================
Received Import Request.
  Time since last request: 609.931628 seconds.
  path: Assets/Resources
  artifactKey: Guid(ae5df704c0f6a4442b7ac7641149bf0a) Importer(815301076,1909f56bfc062723c751e8b465ee728b)
Start importing Assets/Resources using Guid(ae5df704c0f6a4442b7ac7641149bf0a) Importer(815301076,1909f56bfc062723c751e8b465ee728b)  -> (artifact id: 'bb3f5531fb4e71bf8b2d9facae59052b') in 0.017608 seconds 
========================================================================
Received Import Request.
  Time since last request: 370.261694 seconds.
  path: Assets/Tennis Mobile/Animations
  artifactKey: Guid(fb8f970cd06eed74db13c86178ea3c4f) Importer(815301076,1909f56bfc062723c751e8b465ee728b)
Start importing Assets/Tennis Mobile/Animations using Guid(fb8f970cd06eed74db13c86178ea3c4f) Importer(815301076,1909f56bfc062723c751e8b465ee728b)  -> (artifact id: '5b5a6c2e29bb3bc34159b37f4787e0ea') in 0.020514 seconds 
========================================================================
Received Import Request.
  Time since last request: 5.024665 seconds.
  path: Assets/Tennis Mobile/Scripts
  artifactKey: Guid(9ba391c8dcbc4ee4eb5b11c5f976d90d) Importer(815301076,1909f56bfc062723c751e8b465ee728b)
Start importing Assets/Tennis Mobile/Scripts using Guid(9ba391c8dcbc4ee4eb5b11c5f976d90d) Importer(815301076,1909f56bfc062723c751e8b465ee728b)  -> (artifact id: 'b577f480fa6544a57c2c775c94c9cd42') in 0.023968 seconds 
========================================================================
Received Import Request.
  Time since last request: 5.401383 seconds.
  path: Assets/Tennis Mobile/Scripts/Player.cs
  artifactKey: Guid(32859dc90988ede48a3b7baa89014de7) Importer(815301076,1909f56bfc062723c751e8b465ee728b)
Start importing Assets/Tennis Mobile/Scripts/Player.cs using Guid(32859dc90988ede48a3b7baa89014de7) Importer(815301076,1909f56bfc062723c751e8b465ee728b)  -> (artifact id: '049ee3db9e754f24ecc2f250af3d9577') in 0.012183 seconds 
========================================================================
Received Import Request.
  Time since last request: 9.298901 seconds.
  path: Assets/Tennis Mobile/Prefabs
  artifactKey: Guid(272fd1ea6a347f3498aeaa9cab7b5e43) Importer(815301076,1909f56bfc062723c751e8b465ee728b)
Start importing Assets/Tennis Mobile/Prefabs using Guid(272fd1ea6a347f3498aeaa9cab7b5e43) Importer(815301076,1909f56bfc062723c751e8b465ee728b)  -> (artifact id: '33b698367b014955d28b816c878d04e4') in 0.025195 seconds 
========================================================================
Received Import Request.
  Time since last request: 9.226601 seconds.
  path: Assets/Tennis Mobile/Prefabs/Wrong side effect.prefab
  artifactKey: Guid(e138985d07fc4d6469f80abd3f3381bc) Importer(815301076,1909f56bfc062723c751e8b465ee728b)
Start importing Assets/Tennis Mobile/Prefabs/Wrong side effect.prefab using Guid(e138985d07fc4d6469f80abd3f3381bc) Importer(815301076,1909f56bfc062723c751e8b465ee728b)  -> (artifact id: 'a5e90a44f09e97d0fc841fa130faa438') in 0.038731 seconds 
========================================================================
Received Import Request.
  Time since last request: 198.596544 seconds.
  path: Assets/Scenes/MultiPlayerMenu.unity
  artifactKey: Guid(bc1b14f3e0886a34fab95affc8a2088a) Importer(815301076,1909f56bfc062723c751e8b465ee728b)
Start importing Assets/Scenes/MultiPlayerMenu.unity using Guid(bc1b14f3e0886a34fab95affc8a2088a) Importer(815301076,1909f56bfc062723c751e8b465ee728b)  -> (artifact id: '54f9206c709894d0954df95922b87eb9') in 0.017749 seconds 
========================================================================
Received Import Request.
  Time since last request: 4.952869 seconds.
  path: Assets/Scenes/MainMenu.unity
  artifactKey: Guid(39ef521141d2c7e42837d1cf77587e01) Importer(815301076,1909f56bfc062723c751e8b465ee728b)
Start importing Assets/Scenes/MainMenu.unity using Guid(39ef521141d2c7e42837d1cf77587e01) Importer(815301076,1909f56bfc062723c751e8b465ee728b)  -> (artifact id: '91cbb23dc953d7a977aae9f7ba4e7708') in 0.013932 seconds 
========================================================================
Received Import Request.
  Time since last request: 248.766494 seconds.
  path: Assets/UAP/Examples/Match 3 Game Example/Textures/WindowBG.png
  artifactKey: Guid(87986f1259e73fa4486a5df30e6e0f2e) Importer(815301076,1909f56bfc062723c751e8b465ee728b)
Start importing Assets/UAP/Examples/Match 3 Game Example/Textures/WindowBG.png using Guid(87986f1259e73fa4486a5df30e6e0f2e) Importer(815301076,1909f56bfc062723c751e8b465ee728b)  -> (artifact id: 'e54f04405911ca21024b55cb2bdde3b4') in 0.090709 seconds 
========================================================================
Received Import Request.
  Time since last request: 0.000584 seconds.
  path: Assets/UAP/Examples/UI Navigation Example/Textures/WorldMap_Example.png
  artifactKey: Guid(5aafb0ab7d565c4488f3ad99eb59f711) Importer(815301076,1909f56bfc062723c751e8b465ee728b)
Start importing Assets/UAP/Examples/UI Navigation Example/Textures/WorldMap_Example.png using Guid(5aafb0ab7d565c4488f3ad99eb59f711) Importer(815301076,1909f56bfc062723c751e8b465ee728b)  -> (artifact id: 'cacbd92ed2e458a954b841903e9f4bd0') in 0.047498 seconds 
========================================================================
Received Import Request.
  Time since last request: 132.786657 seconds.
  path: Assets/Scenes/MultiPlayerMenu.unity
  artifactKey: Guid(bc1b14f3e0886a34fab95affc8a2088a) Importer(815301076,1909f56bfc062723c751e8b465ee728b)
Start importing Assets/Scenes/MultiPlayerMenu.unity using Guid(bc1b14f3e0886a34fab95affc8a2088a) Importer(815301076,1909f56bfc062723c751e8b465ee728b)  -> (artifact id: '0b6369eaae642c0620d86f91a95a6931') in 0.004334 seconds 
========================================================================
Received Prepare
Registering precompiled user dll's ...
Registered in 0.003959 seconds.
Begin MonoManager ReloadAssembly
Native extension for WindowsStandalone target not found
Refreshing native plugins compatible for Editor in 1.40 ms, found 4 plugins.
Preloading 0 native plugins for Editor in 0.00 ms.
Mono: successfully reloaded assembly
- Completed reload, in  0.601 seconds
Domain Reload Profiling:
	ReloadAssembly (601ms)
		BeginReloadAssembly (77ms)
			ExecutionOrderSort (0ms)
			DisableScriptedObjects (3ms)
			BackupInstance (0ms)
			ReleaseScriptingObjects (0ms)
			CreateAndSetChildDomain (25ms)
		EndReloadAssembly (487ms)
			LoadAssemblies (59ms)
			RebuildTransferFunctionScriptingTraits (0ms)
			SetupTypeCache (166ms)
			ReleaseScriptCaches (1ms)
			RebuildScriptCaches (23ms)
			SetupLoadedEditorAssemblies (183ms)
				LogAssemblyErrors (0ms)
				InitializePlatformSupportModulesInManaged (3ms)
				SetLoadedEditorAssemblies (0ms)
				RefreshPlugins (1ms)
				BeforeProcessingInitializeOnLoad (44ms)
				ProcessInitializeOnLoadAttributes (123ms)
				ProcessInitializeOnLoadMethodAttributes (9ms)
				AfterProcessingInitializeOnLoad (3ms)
				EditorAssembliesLoaded (0ms)
			ExecutionOrderSort2 (0ms)
			AwakeInstancesAfterBackupRestoration (4ms)
Platform modules already initialized, skipping
Refreshing native plugins compatible for Editor in 1.35 ms, found 4 plugins.
Preloading 0 native plugins for Editor in 0.00 ms.
Unloading 1860 Unused Serialized files (Serialized files now loaded: 0)
System memory in use before: 120.6 MB.
System memory in use after: 120.6 MB.

Unloading 28 unused Assets to reduce memory usage. Loaded Objects now: 2372.
Total: 2.203000 ms (FindLiveObjects: 0.134800 ms CreateObjectMapping: 0.038900 ms MarkObjects: 1.961200 ms  DeleteObjects: 0.067100 ms)

AssetImportParameters requested are different than current active one (requested -> active):
  custom:framework-win-MediaFoundation: 216162199b28c13a410421893ffa2e32 -> 
  custom:video-decoder-ogg-theora: a1e56fd34408186e4bbccfd4996cb3dc -> 
  custom:container-muxer-webm: aa71ff27fc2769a1b78a27578f13a17b -> 
  custom:container-demuxer-webm: 4f35f7cbe854078d1ac9338744f61a02 -> 
  custom:container-demuxer-ogg: 62fdf1f143b41e24485cea50d1cbac27 -> 
  custom:video-encoder-webm-vp8: eb34c28f22e8b96e1ab97ce403110664 -> 
  custom:video-codec-MediaFoundation-h265: 746d11721c4dcdbdad8f713fa42b33f4 -> 
  custom:video-decoder-webm-vp8: 9c59270c3fd7afecdb556c50c9e8de78 -> 
  custom:audio-decoder-ogg-vorbis: bf7c407c2cedff20999df2af8eb42d56 -> 
  custom:audio-encoder-webm-vorbis: bf7c407c2cedff20999df2af8eb42d56 -> 
========================================================================
Received Prepare
Registering precompiled user dll's ...
Registered in 0.006636 seconds.
Begin MonoManager ReloadAssembly
Native extension for WindowsStandalone target not found
Refreshing native plugins compatible for Editor in 2.54 ms, found 4 plugins.
Preloading 0 native plugins for Editor in 0.00 ms.
Mono: successfully reloaded assembly
- Completed reload, in  1.179 seconds
Domain Reload Profiling:
	ReloadAssembly (1180ms)
		BeginReloadAssembly (117ms)
			ExecutionOrderSort (0ms)
			DisableScriptedObjects (6ms)
			BackupInstance (0ms)
			ReleaseScriptingObjects (0ms)
			CreateAndSetChildDomain (33ms)
		EndReloadAssembly (984ms)
			LoadAssemblies (121ms)
			RebuildTransferFunctionScriptingTraits (0ms)
			SetupTypeCache (340ms)
			ReleaseScriptCaches (1ms)
			RebuildScriptCaches (54ms)
			SetupLoadedEditorAssemblies (360ms)
				LogAssemblyErrors (0ms)
				InitializePlatformSupportModulesInManaged (5ms)
				SetLoadedEditorAssemblies (1ms)
				RefreshPlugins (3ms)
				BeforeProcessingInitializeOnLoad (92ms)
				ProcessInitializeOnLoadAttributes (238ms)
				ProcessInitializeOnLoadMethodAttributes (14ms)
				AfterProcessingInitializeOnLoad (8ms)
				EditorAssembliesLoaded (0ms)
			ExecutionOrderSort2 (0ms)
			AwakeInstancesAfterBackupRestoration (7ms)
Platform modules already initialized, skipping
Refreshing native plugins compatible for Editor in 3.63 ms, found 4 plugins.
Preloading 0 native plugins for Editor in 0.00 ms.
Unloading 1860 Unused Serialized files (Serialized files now loaded: 0)
System memory in use before: 120.6 MB.
System memory in use after: 120.7 MB.

Unloading 28 unused Assets to reduce memory usage. Loaded Objects now: 2376.
Total: 5.383500 ms (FindLiveObjects: 0.301500 ms CreateObjectMapping: 0.085100 ms MarkObjects: 4.877000 ms  DeleteObjects: 0.116700 ms)

AssetImportParameters requested are different than current active one (requested -> active):
  custom:framework-win-MediaFoundation: 216162199b28c13a410421893ffa2e32 -> 
  custom:video-decoder-ogg-theora: a1e56fd34408186e4bbccfd4996cb3dc -> 
  custom:container-muxer-webm: aa71ff27fc2769a1b78a27578f13a17b -> 
  custom:container-demuxer-webm: 4f35f7cbe854078d1ac9338744f61a02 -> 
  custom:container-demuxer-ogg: 62fdf1f143b41e24485cea50d1cbac27 -> 
  custom:video-encoder-webm-vp8: eb34c28f22e8b96e1ab97ce403110664 -> 
  custom:video-codec-MediaFoundation-h265: 746d11721c4dcdbdad8f713fa42b33f4 -> 
  custom:video-decoder-webm-vp8: 9c59270c3fd7afecdb556c50c9e8de78 -> 
  custom:audio-decoder-ogg-vorbis: bf7c407c2cedff20999df2af8eb42d56 -> 
  custom:audio-encoder-webm-vorbis: bf7c407c2cedff20999df2af8eb42d56 -> 
========================================================================
Received Prepare
Registering precompiled user dll's ...
Registered in 0.004332 seconds.
Begin MonoManager ReloadAssembly
Native extension for WindowsStandalone target not found
Refreshing native plugins compatible for Editor in 2.18 ms, found 4 plugins.
Preloading 0 native plugins for Editor in 0.00 ms.
Mono: successfully reloaded assembly
- Completed reload, in  0.998 seconds
Domain Reload Profiling:
	ReloadAssembly (999ms)
		BeginReloadAssembly (110ms)
			ExecutionOrderSort (0ms)
			DisableScriptedObjects (4ms)
			BackupInstance (0ms)
			ReleaseScriptingObjects (0ms)
			CreateAndSetChildDomain (28ms)
		EndReloadAssembly (832ms)
			LoadAssemblies (93ms)
			RebuildTransferFunctionScriptingTraits (0ms)
			SetupTypeCache (214ms)
			ReleaseScriptCaches (1ms)
			RebuildScriptCaches (51ms)
			SetupLoadedEditorAssemblies (354ms)
				LogAssemblyErrors (0ms)
				InitializePlatformSupportModulesInManaged (5ms)
				SetLoadedEditorAssemblies (1ms)
				RefreshPlugins (2ms)
				BeforeProcessingInitializeOnLoad (94ms)
				ProcessInitializeOnLoadAttributes (232ms)
				ProcessInitializeOnLoadMethodAttributes (14ms)
				AfterProcessingInitializeOnLoad (5ms)
				EditorAssembliesLoaded (0ms)
			ExecutionOrderSort2 (0ms)
			AwakeInstancesAfterBackupRestoration (7ms)
Platform modules already initialized, skipping
Refreshing native plugins compatible for Editor in 2.92 ms, found 4 plugins.
Preloading 0 native plugins for Editor in 0.00 ms.
Unloading 1861 Unused Serialized files (Serialized files now loaded: 0)
System memory in use before: 120.6 MB.
System memory in use after: 120.7 MB.

Unloading 28 unused Assets to reduce memory usage. Loaded Objects now: 2381.
Total: 3.407500 ms (FindLiveObjects: 0.154800 ms CreateObjectMapping: 0.066500 ms MarkObjects: 3.057700 ms  DeleteObjects: 0.127100 ms)

AssetImportParameters requested are different than current active one (requested -> active):
  custom:framework-win-MediaFoundation: 216162199b28c13a410421893ffa2e32 -> 
  custom:video-decoder-ogg-theora: a1e56fd34408186e4bbccfd4996cb3dc -> 
  custom:container-muxer-webm: aa71ff27fc2769a1b78a27578f13a17b -> 
  custom:container-demuxer-webm: 4f35f7cbe854078d1ac9338744f61a02 -> 
  custom:container-demuxer-ogg: 62fdf1f143b41e24485cea50d1cbac27 -> 
  custom:video-encoder-webm-vp8: eb34c28f22e8b96e1ab97ce403110664 -> 
  custom:video-codec-MediaFoundation-h265: 746d11721c4dcdbdad8f713fa42b33f4 -> 
  custom:video-decoder-webm-vp8: 9c59270c3fd7afecdb556c50c9e8de78 -> 
  custom:audio-decoder-ogg-vorbis: bf7c407c2cedff20999df2af8eb42d56 -> 
  custom:audio-encoder-webm-vorbis: bf7c407c2cedff20999df2af8eb42d56 -> 
========================================================================
Received Import Request.
  Time since last request: 207.782387 seconds.
  path: Assets/Scipts/NetworkManager.cs
  artifactKey: Guid(4f10d686e3c237b4cb087867368e66b5) Importer(815301076,1909f56bfc062723c751e8b465ee728b)
Start importing Assets/Scipts/NetworkManager.cs using Guid(4f10d686e3c237b4cb087867368e66b5) Importer(815301076,1909f56bfc062723c751e8b465ee728b)  -> (artifact id: '67f21a39213c9d10a5d1e4aa35deb760') in 0.013750 seconds 
========================================================================
Received Import Request.
  Time since last request: 209.100315 seconds.
  path: Assets/Tennis Mobile/Documentation/Tennis mobile 1.1.pdf
  artifactKey: Guid(78d0f0799cd75b9499cd3686fcc89aca) Importer(815301076,1909f56bfc062723c751e8b465ee728b)
Start importing Assets/Tennis Mobile/Documentation/Tennis mobile 1.1.pdf using Guid(78d0f0799cd75b9499cd3686fcc89aca) Importer(815301076,1909f56bfc062723c751e8b465ee728b)  -> (artifact id: '75e312c507448395dd510d7fea436f76') in 0.041128 seconds 
========================================================================
Received Import Request.
  Time since last request: 123.135951 seconds.
  path: Assets/Tennis Mobile/Physics
  artifactKey: Guid(2249cdf5bb51b7043b9fef2d856eb9af) Importer(815301076,1909f56bfc062723c751e8b465ee728b)
Start importing Assets/Tennis Mobile/Physics using Guid(2249cdf5bb51b7043b9fef2d856eb9af) Importer(815301076,1909f56bfc062723c751e8b465ee728b)  -> (artifact id: '4137f410c7bcf81c8e8e3e3570100db8') in 0.015591 seconds 
========================================================================
Received Import Request.
  Time since last request: 60.172859 seconds.
  path: Assets/Scenes/GameBeijingTrial.unity
  artifactKey: Guid(787ad062da38fda4b9d85b9c079a94af) Importer(815301076,1909f56bfc062723c751e8b465ee728b)
Start importing Assets/Scenes/GameBeijingTrial.unity using Guid(787ad062da38fda4b9d85b9c079a94af) Importer(815301076,1909f56bfc062723c751e8b465ee728b)  -> (artifact id: 'fdc7b311091a85b9b69db5c5385e2f41') in 0.018112 seconds 
========================================================================
Received Import Request.
  Time since last request: 78.845101 seconds.
  path: Assets/Tennis Mobile/Scripts/PowerupBall.cs
  artifactKey: Guid(aa541c360697c434899b942530dc0f4b) Importer(815301076,1909f56bfc062723c751e8b465ee728b)
Start importing Assets/Tennis Mobile/Scripts/PowerupBall.cs using Guid(aa541c360697c434899b942530dc0f4b) Importer(815301076,1909f56bfc062723c751e8b465ee728b)  -> (artifact id: '426446f85c642146fbd26beaaaad5119') in 0.018692 seconds 
========================================================================
Received Import Request.
  Time since last request: 0.371667 seconds.
  path: Assets/Tennis Mobile/Scripts/PlayerShop.cs
  artifactKey: Guid(b044a6d7350c1b9498fcafe657717128) Importer(815301076,1909f56bfc062723c751e8b465ee728b)
Start importing Assets/Tennis Mobile/Scripts/PlayerShop.cs using Guid(b044a6d7350c1b9498fcafe657717128) Importer(815301076,1909f56bfc062723c751e8b465ee728b)  -> (artifact id: '9924bc21bd70ba207d78bae2994d7cf2') in 0.033710 seconds 
========================================================================
Received Import Request.
  Time since last request: 85.436434 seconds.
  path: Assets/Tennis Mobile/Scripts/CourtTrigger.cs
  artifactKey: Guid(16985c810c7c9a247b6d41feaf3937ac) Importer(815301076,1909f56bfc062723c751e8b465ee728b)
Start importing Assets/Tennis Mobile/Scripts/CourtTrigger.cs using Guid(16985c810c7c9a247b6d41feaf3937ac) Importer(815301076,1909f56bfc062723c751e8b465ee728b)  -> (artifact id: 'c103d46003885aadb48bba8022a9b254') in 0.013984 seconds 
========================================================================
Received Import Request.
  Time since last request: 18.665635 seconds.
  path: Assets/Scenes/GameBeijingTrial 1.unity
  artifactKey: Guid(4a75cc4a16c7980438e28384b288a04d) Importer(815301076,1909f56bfc062723c751e8b465ee728b)
Start importing Assets/Scenes/GameBeijingTrial 1.unity using Guid(4a75cc4a16c7980438e28384b288a04d) Importer(815301076,1909f56bfc062723c751e8b465ee728b)  -> (artifact id: 'bb24bd445aab9f09d2db767894ace4c2') in 0.031656 seconds 
========================================================================
Received Import Request.
  Time since last request: 15.085031 seconds.
  path: Assets/Scenes/MultiPlayerBeijingTrial.unity
  artifactKey: Guid(4a75cc4a16c7980438e28384b288a04d) Importer(815301076,1909f56bfc062723c751e8b465ee728b)
Start importing Assets/Scenes/MultiPlayerBeijingTrial.unity using Guid(4a75cc4a16c7980438e28384b288a04d) Importer(815301076,1909f56bfc062723c751e8b465ee728b)  -> (artifact id: 'e8c99eae8c048a6f749bd57b68c2021e') in 0.220428 seconds 
========================================================================
Received Import Request.
  Time since last request: 302.784651 seconds.
  path: Assets/Scenes/MultiPlayerTrial
  artifactKey: Guid(dd87ffaeda79fcd49a8fac34d9e29363) Importer(815301076,1909f56bfc062723c751e8b465ee728b)
Start importing Assets/Scenes/MultiPlayerTrial using Guid(dd87ffaeda79fcd49a8fac34d9e29363) Importer(815301076,1909f56bfc062723c751e8b465ee728b)  -> (artifact id: '1dff8d0d2add211729b5f70d783adebd') in 0.016805 seconds 
========================================================================
Received Prepare
Registering precompiled user dll's ...
Registered in 0.007652 seconds.
Begin MonoManager ReloadAssembly
Native extension for WindowsStandalone target not found
Refreshing native plugins compatible for Editor in 2.07 ms, found 4 plugins.
Preloading 0 native plugins for Editor in 0.00 ms.
Mono: successfully reloaded assembly
- Completed reload, in  1.180 seconds
Domain Reload Profiling:
	ReloadAssembly (1181ms)
		BeginReloadAssembly (146ms)
			ExecutionOrderSort (0ms)
			DisableScriptedObjects (7ms)
			BackupInstance (0ms)
			ReleaseScriptingObjects (0ms)
			CreateAndSetChildDomain (40ms)
		EndReloadAssembly (951ms)
			LoadAssemblies (127ms)
			RebuildTransferFunctionScriptingTraits (0ms)
			SetupTypeCache (330ms)
			ReleaseScriptCaches (1ms)
			RebuildScriptCaches (54ms)
			SetupLoadedEditorAssemblies (336ms)
				LogAssemblyErrors (0ms)
				InitializePlatformSupportModulesInManaged (5ms)
				SetLoadedEditorAssemblies (1ms)
				RefreshPlugins (2ms)
				BeforeProcessingInitializeOnLoad (85ms)
				ProcessInitializeOnLoadAttributes (222ms)
				ProcessInitializeOnLoadMethodAttributes (15ms)
				AfterProcessingInitializeOnLoad (6ms)
				EditorAssembliesLoaded (0ms)
			ExecutionOrderSort2 (0ms)
			AwakeInstancesAfterBackupRestoration (8ms)
Platform modules already initialized, skipping
Refreshing native plugins compatible for Editor in 2.23 ms, found 4 plugins.
Preloading 0 native plugins for Editor in 0.00 ms.
Unloading 1861 Unused Serialized files (Serialized files now loaded: 0)
System memory in use before: 120.6 MB.
System memory in use after: 120.7 MB.

Unloading 28 unused Assets to reduce memory usage. Loaded Objects now: 2385.
Total: 3.454700 ms (FindLiveObjects: 0.227800 ms CreateObjectMapping: 0.039200 ms MarkObjects: 3.069200 ms  DeleteObjects: 0.116300 ms)

AssetImportParameters requested are different than current active one (requested -> active):
  custom:framework-win-MediaFoundation: 216162199b28c13a410421893ffa2e32 -> 
  custom:video-decoder-ogg-theora: a1e56fd34408186e4bbccfd4996cb3dc -> 
  custom:container-muxer-webm: aa71ff27fc2769a1b78a27578f13a17b -> 
  custom:container-demuxer-webm: 4f35f7cbe854078d1ac9338744f61a02 -> 
  custom:container-demuxer-ogg: 62fdf1f143b41e24485cea50d1cbac27 -> 
  custom:video-encoder-webm-vp8: eb34c28f22e8b96e1ab97ce403110664 -> 
  custom:video-codec-MediaFoundation-h265: 746d11721c4dcdbdad8f713fa42b33f4 -> 
  custom:video-decoder-webm-vp8: 9c59270c3fd7afecdb556c50c9e8de78 -> 
  custom:audio-decoder-ogg-vorbis: bf7c407c2cedff20999df2af8eb42d56 -> 
  custom:audio-encoder-webm-vorbis: bf7c407c2cedff20999df2af8eb42d56 -> 
========================================================================
Received Import Request.
  Time since last request: 546.887774 seconds.
  path: Assets/Tennis Mobile/Resources
  artifactKey: Guid(555d6e3a5f00dc342bbe2ca2c5b5c57f) Importer(815301076,1909f56bfc062723c751e8b465ee728b)
Start importing Assets/Tennis Mobile/Resources using Guid(555d6e3a5f00dc342bbe2ca2c5b5c57f) Importer(815301076,1909f56bfc062723c751e8b465ee728b)  -> (artifact id: '9a941f1b40b50851720fdd64272564d7') in 0.033350 seconds 
========================================================================
Received Import Request.
  Time since last request: 0.935235 seconds.
  path: Assets/Tennis Mobile/Resources/Character prefabs
  artifactKey: Guid(8bff88123671e8a469df683fb38c77cc) Importer(815301076,1909f56bfc062723c751e8b465ee728b)
Start importing Assets/Tennis Mobile/Resources/Character prefabs using Guid(8bff88123671e8a469df683fb38c77cc) Importer(815301076,1909f56bfc062723c751e8b465ee728b)  -> (artifact id: 'dd30c0ea8e4faaa2c0fbeaf5cc25929e') in 0.017829 seconds 
========================================================================
Received Import Request.
  Time since last request: 1.079225 seconds.
  path: Assets/Tennis Mobile/Resources/Character prefabs/Opponent base prefab.prefab
  artifactKey: Guid(d4d4a146418288a4ab1f1579e7403645) Importer(815301076,1909f56bfc062723c751e8b465ee728b)
Start importing Assets/Tennis Mobile/Resources/Character prefabs/Opponent base prefab.prefab using Guid(d4d4a146418288a4ab1f1579e7403645) Importer(815301076,1909f56bfc062723c751e8b465ee728b)  -> (artifact id: '9408614abbdf93c9fb58fb40ce50062d') in 0.118457 seconds 
========================================================================
Received Import Request.
  Time since last request: 0.000300 seconds.
  path: Assets/Tennis Mobile/Resources/Character prefabs/Player base prefab.prefab
  artifactKey: Guid(fd7fa2a8795cd314d8589b18bd4c1d97) Importer(815301076,1909f56bfc062723c751e8b465ee728b)
Start importing Assets/Tennis Mobile/Resources/Character prefabs/Player base prefab.prefab using Guid(fd7fa2a8795cd314d8589b18bd4c1d97) Importer(815301076,1909f56bfc062723c751e8b465ee728b)  -> (artifact id: '95024ac1ae3c3e80f6f78c9a9c20281d') in 0.078906 seconds 
AssetImportWorkerClient::OnTransportError - code=2 error=End of file
